<?xml version="1.0" encoding="UTF-8"?>
<testsuite xmlns:xsi="http://www.w3.org/2001/XMLSchema-instance" xsi:noNamespaceSchemaLocation="https://maven.apache.org/surefire/maven-surefire-plugin/xsd/surefire-test-report.xsd" version="3.0.2" name="com.example.demo.FactorialSpringTask10ApplicationTests" time="2.883" tests="1" errors="0" skipped="0" failures="0">
  <properties>
[...]
</properties>
  <testcase name="contextLoads" classname="com.example.demo.FactorialSpringTask10ApplicationTests" time="0.756">
    <system-out><![CDATA[12:30:41.991 [main] INFO org.springframework.test.context.support.AnnotationConfigContextLoaderUtils -- Could not detect default configuration classes for test class [com.example.demo.FactorialSpringTask10ApplicationTests]: FactorialSpringTask10ApplicationTests does not declare any static, non-private, non-final, nested classes annotated with @Configuration.
12:30:42.144 [main] INFO org.springframework.boot.test.context.SpringBootTestContextBootstrapper -- Found @SpringBootConfiguration com.example.demo.FactorialSpringTask10Application for test class com.example.demo.FactorialSpringTask10ApplicationTests
12:30:42.364 [main] INFO org.springframework.boot.devtools.restart.RestartApplicationListener -- Restart disabled due to context in which it is running

  .   ____          _            __ _ _
 /\\ / ___'_ __ _ _(_)_ __  __ _ \ \ \ \
( ( )\___ | '_ | '_| | '_ \/ _` | \ \ \ \
 \\/  ___)| |_)| | | | | || (_| |  ) ) ) )
  '  |____| .__|_| |_|_| |_\__, | / / / /
 =========|_|==============|___/=/_/_/_/

 :: Spring Boot ::                (v4.0.3)

2026-02-26T12:30:42.660+05:30  INFO 12248 --- [FactorialSpringTask-10] [           main] .d.FactorialSpringTask10ApplicationTests : Starting FactorialSpringTask10ApplicationTests using Java 23.0.1 with PID 12248 (started by S anruth in C:\Users\S anruth\OneDrive\Desktop\Java\FactorialSpringTask-10)
2026-02-26T12:30:42.662+05:30  INFO 12248 --- [FactorialSpringTask-10] [           main] .d.FactorialSpringTask10ApplicationTests : No active profile set, falling back to 1 default profile: "default"
2026-02-26T12:30:43.833+05:30  INFO 12248 --- [FactorialSpringTask-10] [           main] .d.FactorialSpringTask10ApplicationTests : Started FactorialSpringTask10ApplicationTests in 1.482 seconds (process running for 2.806)
]]></system-out>
    <system-err><![CDATA[Mockito is currently self-attaching to enable the inline-mock-maker. This will no longer work in future releases of the JDK. Please add Mockito as an agent to your build as described in Mockito's documentation: https://javadoc.io/doc/org.mockito/mockito-core/latest/org.mockito/org/mockito/Mockito.html#0.3
WARNING: A Java agent has been loaded dynamically (C:\Users\S anruth\.m2\repository\net\bytebuddy\byte-buddy-agent\1.17.8\byte-buddy-agent-1.17.8.jar)
WARNING: If a serviceability tool is in use, please run with -XX:+EnableDynamicAgentLoading to hide this warning
WARNING: If a serviceability tool is not in use, please run with -Djdk.instrument.traceUsage for more information
WARNING: Dynamic loading of agents will be disallowed by default in a future release
]]></system-err>
  </testcase>
</testsuite>